2026-07-15 19:43:45 | INFO     | apex_order_manager | APEX MT5 | Account: 179322 | Balance: 76371.32 ZAR | Leverage: 1:500
2026-07-15 19:43:45 | INFO     | apex_breakout_strategy | APEX BREAKOUT STRATEGY | Speeds: ['breakout_160', 'breakout_320', 'breakout_640', 'breakout_1280']
2026-07-15 19:43:45 | INFO     | apex_ewmac_strategy | APEX EWMAC+BREAKOUT (H1) | tf=H1 | daily_mult=4.90x | stop_mult=2.2x | ATR=14 | EWMAC weight=0.60 | Breakout weight=0.40
2026-07-15 19:43:45 | INFO     | apex_ewmac_strategy |   EWMAC speeds: ['8/32', '16/64', '32/128', '64/256']
2026-07-15 19:43:45 | INFO     | apex_ewmac_strategy |   Breakout periods: [160, 320, 640, 1280]
2026-07-15 19:43:45 | INFO     | apex_breakout_strategy | APEX BREAKOUT STRATEGY | Speeds: ['breakout_160', 'breakout_320', 'breakout_640', 'breakout_1280']
2026-07-15 19:43:45 | INFO     | apex_ewmac_strategy | APEX EWMAC+BREAKOUT (H1) | tf=H1 | daily_mult=4.90x | stop_mult=2.2x | ATR=14 | EWMAC weight=0.60 | Breakout weight=0.40
2026-07-15 19:43:45 | INFO     | apex_ewmac_strategy |   EWMAC speeds: ['8/32', '16/64', '32/128', '64/256']
2026-07-15 19:43:45 | INFO     | apex_ewmac_strategy |   Breakout periods: [160, 320, 640, 1280]
2026-07-15 19:43:45 | INFO     | apex_breakout_strategy | APEX BREAKOUT STRATEGY | Speeds: ['breakout_160', 'breakout_320', 'breakout_640', 'breakout_1280']
2026-07-15 19:43:45 | INFO     | apex_ewmac_strategy | APEX EWMAC+BREAKOUT (H1) | tf=H1 | daily_mult=4.90x | stop_mult=2.2x | ATR=14 | EWMAC weight=0.60 | Breakout weight=0.40
2026-07-15 19:43:45 | INFO     | apex_ewmac_strategy |   EWMAC speeds: ['8/32', '16/64', '32/128', '64/256']
2026-07-15 19:43:45 | INFO     | apex_ewmac_strategy |   Breakout periods: [160, 320, 640, 1280]
2026-07-15 19:43:45 | INFO     | apex_breakout_strategy | APEX BREAKOUT STRATEGY | Speeds: ['breakout_160', 'breakout_320', 'breakout_640', 'breakout_1280']
2026-07-15 19:43:45 | INFO     | apex_ewmac_strategy | APEX EWMAC+BREAKOUT (H1) | tf=H1 | daily_mult=4.90x | stop_mult=2.2x | ATR=14 | EWMAC weight=0.60 | Breakout weight=0.40
2026-07-15 19:43:45 | INFO     | apex_ewmac_strategy |   EWMAC speeds: ['8/32', '16/64', '32/128', '64/256']
2026-07-15 19:43:45 | INFO     | apex_ewmac_strategy |   Breakout periods: [160, 320, 640, 1280]
2026-07-15 19:43:45 | INFO     | apex_breakout_strategy | APEX BREAKOUT STRATEGY | Speeds: ['breakout_160', 'breakout_320', 'breakout_640', 'breakout_1280']
2026-07-15 19:43:45 | INFO     | apex_ewmac_strategy | APEX EWMAC+BREAKOUT (H1) | tf=H1 | daily_mult=4.90x | stop_mult=2.2x | ATR=14 | EWMAC weight=0.60 | Breakout weight=0.40
2026-07-15 19:43:45 | INFO     | apex_ewmac_strategy |   EWMAC speeds: ['8/32', '16/64', '32/128', '64/256']
2026-07-15 19:43:45 | INFO     | apex_ewmac_strategy |   Breakout periods: [160, 320, 640, 1280]
2026-07-15 19:43:45 | INFO     | apex_breakout_strategy | APEX BREAKOUT STRATEGY | Speeds: ['breakout_160', 'breakout_320', 'breakout_640', 'breakout_1280']
2026-07-15 19:43:45 | INFO     | apex_ewmac_strategy | APEX EWMAC+BREAKOUT (H1) | tf=H1 | daily_mult=4.90x | stop_mult=2.2x | ATR=14 | EWMAC weight=0.60 | Breakout weight=0.40
2026-07-15 19:43:45 | INFO     | apex_ewmac_strategy |   EWMAC speeds: ['8/32', '16/64', '32/128', '64/256']
2026-07-15 19:43:45 | INFO     | apex_ewmac_strategy |   Breakout periods: [160, 320, 640, 1280]
2026-07-15 19:43:45 | INFO     | apex_breakout_strategy | APEX BREAKOUT STRATEGY | Speeds: ['breakout_160', 'breakout_320', 'breakout_640', 'breakout_1280']
2026-07-15 19:43:45 | INFO     | apex_ewmac_strategy | APEX EWMAC+BREAKOUT (H1) | tf=H1 | daily_mult=4.90x | stop_mult=2.2x | ATR=14 | EWMAC weight=0.60 | Breakout weight=0.40
2026-07-15 19:43:45 | INFO     | apex_ewmac_strategy |   EWMAC speeds: ['8/32', '16/64', '32/128', '64/256']
2026-07-15 19:43:45 | INFO     | apex_ewmac_strategy |   Breakout periods: [160, 320, 640, 1280]
2026-07-15 19:43:45 | INFO     | apex_breakout_strategy | APEX BREAKOUT STRATEGY | Speeds: ['breakout_160', 'breakout_320', 'breakout_640', 'breakout_1280']
2026-07-15 19:43:45 | INFO     | apex_ewmac_strategy | APEX EWMAC+BREAKOUT (H1) | tf=H1 | daily_mult=4.90x | stop_mult=2.2x | ATR=14 | EWMAC weight=0.60 | Breakout weight=0.40
2026-07-15 19:43:45 | INFO     | apex_ewmac_strategy |   EWMAC speeds: ['8/32', '16/64', '32/128', '64/256']
2026-07-15 19:43:45 | INFO     | apex_ewmac_strategy |   Breakout periods: [160, 320, 640, 1280]
2026-07-15 19:43:45 | INFO     | apex_breakout_strategy | APEX BREAKOUT STRATEGY | Speeds: ['breakout_160', 'breakout_320', 'breakout_640', 'breakout_1280']
2026-07-15 19:43:45 | INFO     | apex_ewmac_strategy | APEX EWMAC+BREAKOUT (H1) | tf=H1 | daily_mult=4.90x | stop_mult=2.2x | ATR=14 | EWMAC weight=0.60 | Breakout weight=0.40
2026-07-15 19:43:45 | INFO     | apex_ewmac_strategy |   EWMAC speeds: ['8/32', '16/64', '32/128', '64/256']
2026-07-15 19:43:45 | INFO     | apex_ewmac_strategy |   Breakout periods: [160, 320, 640, 1280]
2026-07-15 19:43:45 | INFO     | apex_breakout_strategy | APEX BREAKOUT STRATEGY | Speeds: ['breakout_160', 'breakout_320', 'breakout_640', 'breakout_1280']
2026-07-15 19:43:45 | INFO     | apex_ewmac_strategy | APEX EWMAC+BREAKOUT (H1) | tf=H1 | daily_mult=4.90x | stop_mult=2.2x | ATR=14 | EWMAC weight=0.60 | Breakout weight=0.40
2026-07-15 19:43:45 | INFO     | apex_ewmac_strategy |   EWMAC speeds: ['8/32', '16/64', '32/128', '64/256']
2026-07-15 19:43:45 | INFO     | apex_ewmac_strategy |   Breakout periods: [160, 320, 640, 1280]
2026-07-15 19:43:45 | INFO     | apex_breakout_strategy | APEX BREAKOUT STRATEGY | Speeds: ['breakout_160', 'breakout_320', 'breakout_640', 'breakout_1280']
2026-07-15 19:43:45 | INFO     | apex_ewmac_strategy | APEX EWMAC+BREAKOUT (H1) | tf=H1 | daily_mult=4.90x | stop_mult=2.2x | ATR=14 | EWMAC weight=0.60 | Breakout weight=0.40
2026-07-15 19:43:45 | INFO     | apex_ewmac_strategy |   EWMAC speeds: ['8/32', '16/64', '32/128', '64/256']
2026-07-15 19:43:45 | INFO     | apex_ewmac_strategy |   Breakout periods: [160, 320, 640, 1280]
2026-07-15 19:43:45 | INFO     | apex_breakout_strategy | APEX BREAKOUT STRATEGY | Speeds: ['breakout_160', 'breakout_320', 'breakout_640', 'breakout_1280']
2026-07-15 19:43:45 | INFO     | apex_ewmac_strategy | APEX EWMAC+BREAKOUT (H1) | tf=H1 | daily_mult=4.90x | stop_mult=2.2x | ATR=14 | EWMAC weight=0.60 | Breakout weight=0.40
2026-07-15 19:43:45 | INFO     | apex_ewmac_strategy |   EWMAC speeds: ['8/32', '16/64', '32/128', '64/256']
2026-07-15 19:43:45 | INFO     | apex_ewmac_strategy |   Breakout periods: [160, 320, 640, 1280]
2026-07-15 19:43:45 | INFO     | apex_breakout_strategy | APEX BREAKOUT STRATEGY | Speeds: ['breakout_160', 'breakout_320', 'breakout_640', 'breakout_1280']
2026-07-15 19:43:45 | INFO     | apex_ewmac_strategy | APEX EWMAC+BREAKOUT (H1) | tf=H1 | daily_mult=4.90x | stop_mult=2.2x | ATR=14 | EWMAC weight=0.60 | Breakout weight=0.40
2026-07-15 19:43:45 | INFO     | apex_ewmac_strategy |   EWMAC speeds: ['8/32', '16/64', '32/128', '64/256']
2026-07-15 19:43:45 | INFO     | apex_ewmac_strategy |   Breakout periods: [160, 320, 640, 1280]
2026-07-15 19:43:45 | INFO     | apex_breakout_strategy | APEX BREAKOUT STRATEGY | Speeds: ['breakout_160', 'breakout_320', 'breakout_640', 'breakout_1280']
2026-07-15 19:43:45 | INFO     | apex_ewmac_strategy | APEX EWMAC+BREAKOUT (H1) | tf=H1 | daily_mult=4.90x | stop_mult=2.2x | ATR=14 | EWMAC weight=0.60 | Breakout weight=0.40
2026-07-15 19:43:45 | INFO     | apex_ewmac_strategy |   EWMAC speeds: ['8/32', '16/64', '32/128', '64/256']
2026-07-15 19:43:45 | INFO     | apex_ewmac_strategy |   Breakout periods: [160, 320, 640, 1280]
2026-07-15 19:43:45 | INFO     | apex_breakout_strategy | APEX BREAKOUT STRATEGY | Speeds: ['breakout_160', 'breakout_320', 'breakout_640', 'breakout_1280']
2026-07-15 19:43:45 | INFO     | apex_ewmac_strategy | APEX EWMAC+BREAKOUT (H1) | tf=H1 | daily_mult=4.90x | stop_mult=2.2x | ATR=14 | EWMAC weight=0.60 | Breakout weight=0.40
2026-07-15 19:43:45 | INFO     | apex_ewmac_strategy |   EWMAC speeds: ['8/32', '16/64', '32/128', '64/256']
2026-07-15 19:43:45 | INFO     | apex_ewmac_strategy |   Breakout periods: [160, 320, 640, 1280]
2026-07-15 19:43:45 | INFO     | apex_breakout_strategy | APEX BREAKOUT STRATEGY | Speeds: ['breakout_160', 'breakout_320', 'breakout_640', 'breakout_1280']
2026-07-15 19:43:45 | INFO     | apex_ewmac_strategy | APEX EWMAC+BREAKOUT (H1) | tf=H1 | daily_mult=4.90x | stop_mult=2.2x | ATR=14 | EWMAC weight=0.60 | Breakout weight=0.40
2026-07-15 19:43:45 | INFO     | apex_ewmac_strategy |   EWMAC speeds: ['8/32', '16/64', '32/128', '64/256']
2026-07-15 19:43:45 | INFO     | apex_ewmac_strategy |   Breakout periods: [160, 320, 640, 1280]
2026-07-15 19:43:45 | INFO     | apex_breakout_strategy | APEX BREAKOUT STRATEGY | Speeds: ['breakout_160', 'breakout_320', 'breakout_640', 'breakout_1280']
2026-07-15 19:43:45 | INFO     | apex_ewmac_strategy | APEX EWMAC+BREAKOUT (H1) | tf=H1 | daily_mult=4.90x | stop_mult=2.2x | ATR=14 | EWMAC weight=0.60 | Breakout weight=0.40
2026-07-15 19:43:45 | INFO     | apex_ewmac_strategy |   EWMAC speeds: ['8/32', '16/64', '32/128', '64/256']
2026-07-15 19:43:45 | INFO     | apex_ewmac_strategy |   Breakout periods: [160, 320, 640, 1280]
2026-07-15 19:43:45 | INFO     | apex_breakout_strategy | APEX BREAKOUT STRATEGY | Speeds: ['breakout_160', 'breakout_320', 'breakout_640', 'breakout_1280']
2026-07-15 19:43:45 | INFO     | apex_ewmac_strategy | APEX EWMAC+BREAKOUT (H1) | tf=H1 | daily_mult=4.90x | stop_mult=2.2x | ATR=14 | EWMAC weight=0.60 | Breakout weight=0.40
2026-07-15 19:43:45 | INFO     | apex_ewmac_strategy |   EWMAC speeds: ['8/32', '16/64', '32/128', '64/256']
2026-07-15 19:43:45 | INFO     | apex_ewmac_strategy |   Breakout periods: [160, 320, 640, 1280]
2026-07-15 19:43:45 | INFO     | apex_breakout_strategy | APEX BREAKOUT STRATEGY | Speeds: ['breakout_160', 'breakout_320', 'breakout_640', 'breakout_1280']
2026-07-15 19:43:45 | INFO     | apex_ewmac_strategy | APEX EWMAC+BREAKOUT (H1) | tf=H1 | daily_mult=4.90x | stop_mult=2.2x | ATR=14 | EWMAC weight=0.60 | Breakout weight=0.40
2026-07-15 19:43:45 | INFO     | apex_ewmac_strategy |   EWMAC speeds: ['8/32', '16/64', '32/128', '64/256']
2026-07-15 19:43:45 | INFO     | apex_ewmac_strategy |   Breakout periods: [160, 320, 640, 1280]
2026-07-15 19:43:45 | INFO     | apex_breakout_strategy | APEX BREAKOUT STRATEGY | Speeds: ['breakout_160', 'breakout_320', 'breakout_640', 'breakout_1280']
2026-07-15 19:43:45 | INFO     | apex_ewmac_strategy | APEX EWMAC+BREAKOUT (H1) | tf=H1 | daily_mult=4.90x | stop_mult=2.2x | ATR=14 | EWMAC weight=0.60 | Breakout weight=0.40
2026-07-15 19:43:45 | INFO     | apex_ewmac_strategy |   EWMAC speeds: ['8/32', '16/64', '32/128', '64/256']
2026-07-15 19:43:45 | INFO     | apex_ewmac_strategy |   Breakout periods: [160, 320, 640, 1280]
2026-07-15 19:43:45 | INFO     | apex_volatility_sizer | APEX SIZER (ULTRA - H1) | N=20 | IDM=2.00
2026-07-15 19:43:45 | INFO     | apex_bot | APEX SYSTEM ACTIVE | IDM=2.00 | N=20
2026-07-15 19:43:45 | INFO     | apex_bot | Timeframe: H1 (1 Hour) aggressive trend following
2026-07-15 19:43:45 | INFO     | apex_bot | Strategy: EWMAC + Breakout (60% / 40%)
2026-07-15 19:43:45 | INFO     | apex_bot | Exit: Trailing stop (2.2x ATR) + Stop and Reverse
2026-07-15 19:43:45 | INFO     | apex_bot | Smart re-entry: ENABLED (30 min cooldown)
2026-07-15 19:43:45 | INFO     | apex_bot |  APEX main loop started (AGGRESSIVE H1 MODE)
2026-07-15 19:43:45 | INFO     | apex_volatility_sizer | APEX SIZER SOLUSD: Bal=76371 | Fcst=+11.5 | Vol=80% | Risk=16% | Lots=9.7000
2026-07-15 19:43:45 | INFO     | apex_bot | SOLUSD: APEX ENTRY | lots=9.7000 | candle ATR=0.68 | stop_mult=2.2x | fill_ref=77.85
2026-07-15 19:43:45 | INFO     | apex_order_manager |  APEX OPEN | SOLUSD 9.7000 @ 77.85 | ticket=170836708
2026-07-15 19:43:45 | INFO     | apex_bot | SOLUSD: APEX OPENED BUY | lots=9.7000 | ticket=170836708 | NO TP
2026-07-15 19:43:46 | INFO     | apex_volatility_sizer | APEX SIZER BCHUSD: Bal=76371 | Fcst=+8.6 | Vol=80% | Risk=12% | Lots=2.5000
2026-07-15 19:43:46 | INFO     | apex_bot | BCHUSD: APEX ENTRY | lots=2.5000 | candle ATR=2.21 | stop_mult=2.2x | fill_ref=229.20
2026-07-15 19:43:47 | INFO     | apex_volatility_sizer | APEX SIZER BNBUSD: Bal=76371 | Fcst=-4.1 | Vol=80% | Risk=6% | Lots=0.4000
2026-07-15 19:43:47 | INFO     | apex_bot | BNBUSD: APEX ENTRY | lots=0.4000 | candle ATR=2.90 | stop_mult=2.2x | fill_ref=577.13
2026-07-15 19:43:47 | INFO     | apex_order_manager |  APEX OPEN | BNBUSD 0.4000 @ 577.13 | ticket=170836709
2026-07-15 19:43:47 | INFO     | apex_bot | BNBUSD: APEX OPENED SELL | lots=0.4000 | ticket=170836709 | NO TP
2026-07-15 19:43:48 | INFO     | apex_volatility_sizer | APEX SIZER AVAXUSD: Bal=76371 | Fcst=+4.5 | Vol=80% | Risk=6% | Lots=43.0000
2026-07-15 19:43:48 | INFO     | apex_bot | AVAXUSD: APEX ENTRY | lots=43.0000 | candle ATR=0.069 | stop_mult=2.2x | fill_ref=6.741
2026-07-15 19:43:48 | INFO     | apex_order_manager |  APEX OPEN | AVAXUSD 43.0000 @ 6.741 | ticket=170836710
2026-07-15 19:43:48 | INFO     | apex_bot | AVAXUSD: APEX OPENED BUY | lots=43.0000 | ticket=170836710 | NO TP
2026-07-15 19:43:48 | INFO     | apex_volatility_sizer | APEX SIZER LINKUSD: Bal=76371 | Fcst=-5.2 | Vol=80% | Risk=7% | Lots=39.0000
2026-07-15 19:43:48 | INFO     | apex_bot | LINKUSD: APEX ENTRY | lots=39.0000 | candle ATR=0.053 | stop_mult=2.2x | fill_ref=8.505
2026-07-15 19:43:48 | INFO     | apex_order_manager |  APEX OPEN | LINKUSD 39.0000 @ 8.505 | ticket=170836711
2026-07-15 19:43:48 | INFO     | apex_bot | LINKUSD: APEX OPENED SELL | lots=39.0000 | ticket=170836711 | NO TP
2026-07-15 19:43:49 | INFO     | apex_volatility_sizer | APEX SIZER DOTUSD: Bal=76371 | Fcst=-23.0 | Vol=80% | Risk=32% | Lots=1000.0000
2026-07-15 19:43:49 | INFO     | apex_bot | DOTUSD: APEX ENTRY | lots=1000.0000 | candle ATR=0.006 | stop_mult=2.2x | fill_ref=0.840
2026-07-15 19:43:50 | INFO     | apex_volatility_sizer | APEX SIZER ATOMUSD: Bal=76371 | Fcst=-8.5 | Vol=80% | Risk=12% | Lots=300.0000
2026-07-15 19:43:50 | INFO     | apex_bot | ATOMUSD: APEX ENTRY | lots=300.0000 | candle ATR=0.0098 | stop_mult=2.2x | fill_ref=1.5550
2026-07-15 19:43:51 | INFO     | apex_order_manager |  APEX OPEN | ATOMUSD 300.0000 @ 1.5550 | ticket=170836717
2026-07-15 19:43:51 | INFO     | apex_bot | ATOMUSD: APEX OPENED SELL | lots=300.0000 | ticket=170836717 | NO TP
2026-07-15 19:43:51 | INFO     | apex_volatility_sizer | APEX SIZER UNIUSD: Bal=76371 | Fcst=+22.4 | Vol=110% | Risk=23% | Lots=200.0000
2026-07-15 19:43:51 | INFO     | apex_bot | UNIUSD: APEX ENTRY | lots=200.0000 | candle ATR=0.052 | stop_mult=2.2x | fill_ref=3.675
2026-07-15 19:43:51 | INFO     | apex_order_manager |  APEX OPEN | UNIUSD 200.0000 @ 3.675 | ticket=170836718
2026-07-15 19:43:51 | INFO     | apex_bot | UNIUSD: APEX OPENED BUY | lots=200.0000 | ticket=170836718 | NO TP
2026-07-15 19:43:53 | INFO     | apex_volatility_sizer | APEX SIZER XRPUSD: Bal=76371 | Fcst=+8.4 | Vol=80% | Risk=12% | Lots=493.0000
2026-07-15 19:43:53 | INFO     | apex_bot | XRPUSD: APEX ENTRY | lots=493.0000 | candle ATR=0.0095 | stop_mult=2.2x | fill_ref=1.1168
2026-07-15 19:43:53 | INFO     | apex_order_manager |  APEX OPEN | XRPUSD 493.0000 @ 1.1168 | ticket=170836720
2026-07-15 19:43:53 | INFO     | apex_bot | XRPUSD: APEX OPENED BUY | lots=493.0000 | ticket=170836720 | NO TP
2026-07-15 19:43:53 | INFO     | apex_volatility_sizer | APEX SIZER ADAUSD: Bal=76371 | Fcst=-15.9 | Vol=80% | Risk=22% | Lots=1000.0000
2026-07-15 19:43:53 | INFO     | apex_bot | ADAUSD: APEX ENTRY | lots=1000.0000 | candle ATR=0.0016 | stop_mult=2.2x | fill_ref=0.1632
2026-07-15 19:43:55 | INFO     | apex_volatility_sizer | APEX SIZER XLMUSD: Bal=76371 | Fcst=-35.7 | Vol=80% | Risk=50% | Lots=1000.0000
2026-07-15 19:43:55 | INFO     | apex_bot | XLMUSD: APEX ENTRY | lots=1000.0000 | candle ATR=0.0015 | stop_mult=2.2x | fill_ref=0.1865
2026-07-15 19:43:57 | INFO     | apex_volatility_sizer | APEX SIZER DOGEUSD: Bal=76371 | Fcst=-28.1 | Vol=80% | Risk=40% | Lots=1000.0000
2026-07-15 19:43:57 | WARNING  | apex_bot | DOGEUSD: Price drift 7.03% exceeds tolerance (last=0.0740, now=0.0688, tolerance=2.50%) – skipping entry
2026-07-15 19:43:57 | INFO     | apex_volatility_sizer | APEX SIZER XTZUSD: Bal=76371 | Fcst=-18.1 | Vol=80% | Risk=25% | Lots=1000.0000
2026-07-15 19:43:57 | WARNING  | apex_bot | XTZUSD: Price drift 9.56% exceeds tolerance (last=0.22548, now=0.20393, tolerance=2.50%) – skipping entry
2026-07-15 19:43:57 | INFO     | apex_volatility_sizer | APEX SIZER AAVEUSD: Bal=76371 | Fcst=-4.7 | Vol=80% | Risk=7% | Lots=3.0000
2026-07-15 19:43:57 | INFO     | apex_bot | AAVEUSD: APEX ENTRY | lots=3.0000 | candle ATR=0.88 | stop_mult=2.2x | fill_ref=96.34
2026-07-15 19:43:57 | INFO     | apex_order_manager |  APEX OPEN | AAVEUSD 3.0000 @ 96.34 | ticket=170836724
2026-07-15 19:43:57 | INFO     | apex_bot | AAVEUSD: APEX OPENED SELL | lots=3.0000 | ticket=170836724 | NO TP
2026-07-15 19:43:57 | INFO     | apex_volatility_sizer | APEX SIZER HBARUSD: Bal=76371 | Fcst=-13.3 | Vol=80% | Risk=19% | Lots=5.0000
2026-07-15 19:43:57 | INFO     | apex_bot | HBARUSD: APEX ENTRY | lots=5.0000 | candle ATR=0.0007 | stop_mult=2.2x | fill_ref=0.0671
2026-07-15 19:43:59 | INFO     | apex_volatility_sizer | APEX SIZER NEARUSD: Bal=76371 | Fcst=-16.0 | Vol=80% | Risk=22% | Lots=5.0000
2026-07-15 19:43:59 | INFO     | apex_bot | NEARUSD: APEX ENTRY | lots=5.0000 | candle ATR=0.021 | stop_mult=2.2x | fill_ref=2.065
2026-07-15 19:43:59 | INFO     | apex_order_manager |  APEX OPEN | NEARUSD 5.0000 @ 2.065 | ticket=170836728
2026-07-15 19:43:59 | INFO     | apex_bot | NEARUSD: APEX OPENED SELL | lots=5.0000 | ticket=170836728 | NO TP
2026-07-15 19:43:59 | INFO     | apex_volatility_sizer | APEX SIZER SUIUSD: Bal=76371 | Fcst=-5.4 | Vol=80% | Risk=8% | Lots=4.6000
2026-07-15 19:43:59 | INFO     | apex_bot | SUIUSD: APEX ENTRY | lots=4.6000 | candle ATR=0.0060 | stop_mult=2.2x | fill_ref=0.7486
2026-07-15 19:44:00 | INFO     | apex_order_manager |  APEX OPEN | SUIUSD 4.6000 @ 0.7486 | ticket=170836730
2026-07-15 19:44:00 | INFO     | apex_bot | SUIUSD: APEX OPENED SELL | lots=4.6000 | ticket=170836730 | NO TP
2026-07-15 19:44:15 | INFO     | apex_volatility_sizer | APEX SIZER LTCUSD: Bal=76371 | Fcst=+18.3 | Vol=80% | Risk=26% | Lots=26.7000
2026-07-15 19:44:15 | INFO     | apex_bot | LTCUSD: APEX ENTRY | lots=26.7000 | candle ATR=0.45 | stop_mult=2.2x | fill_ref=45.23
2026-07-15 19:44:15 | INFO     | apex_order_manager |  APEX OPEN | LTCUSD 26.7000 @ 45.23 | ticket=170836746
2026-07-15 19:44:15 | INFO     | apex_bot | LTCUSD: APEX OPENED BUY | lots=26.7000 | ticket=170836746 | NO TP
2026-07-15 19:44:15 | INFO     | apex_volatility_sizer | APEX SIZER BCHUSD: Bal=76371 | Fcst=-10.9 | Vol=85% | Risk=14% | Lots=2.9000
2026-07-15 19:44:15 | INFO     | apex_bot | BCHUSD: APEX ENTRY | lots=2.9000 | candle ATR=2.48 | stop_mult=2.2x | fill_ref=223.95
2026-07-15 19:44:16 | INFO     | apex_order_manager |  APEX OPEN | BCHUSD 2.9000 @ 223.95 | ticket=170836747
2026-07-15 19:44:16 | INFO     | apex_bot | BCHUSD: APEX OPENED SELL | lots=2.9000 | ticket=170836747 | NO TP
2026-07-15 19:44:16 | INFO     | apex_bot | BNBUSD: SIGNAL REVERSAL - closing short, opening long
2026-07-15 19:44:17 | INFO     | apex_order_manager | APEX CLOSE | BNBUSD @ 581.01 | P&L=-1.55
2026-07-15 19:44:17 | INFO     | apex_bot | BNBUSD: position closed | reason=SIGNAL_REVERSAL
2026-07-15 19:44:17 | INFO     | apex_volatility_sizer | APEX SIZER BNBUSD: Bal=76346 | Fcst=+14.6 | Vol=80% | Risk=21% | Lots=1.6000
2026-07-15 19:44:17 | INFO     | apex_bot | BNBUSD: APEX ENTRY | lots=1.6000 | candle ATR=3.23 | stop_mult=2.2x | fill_ref=581.01
2026-07-15 19:44:17 | INFO     | apex_order_manager |  APEX OPEN | BNBUSD 1.6000 @ 581.01 | ticket=170836749
2026-07-15 19:44:17 | INFO     | apex_bot | BNBUSD: APEX OPENED BUY | lots=1.6000 | ticket=170836749 | NO TP
2026-07-15 19:44:18 | INFO     | apex_bot | LINKUSD: SIGNAL REVERSAL - closing short, opening long
2026-07-15 19:44:19 | INFO     | apex_order_manager | APEX CLOSE | LINKUSD @ 8.558 | P&L=-2.07
2026-07-15 19:44:19 | INFO     | apex_bot | LINKUSD: position closed | reason=SIGNAL_REVERSAL
2026-07-15 19:44:19 | INFO     | apex_volatility_sizer | APEX SIZER LINKUSD: Bal=76312 | Fcst=+30.6 | Vol=84% | Risk=41% | Lots=50.0000
2026-07-15 19:44:19 | INFO     | apex_bot | LINKUSD: APEX ENTRY | lots=50.0000 | candle ATR=0.093 | stop_mult=2.2x | fill_ref=8.558
2026-07-15 19:44:19 | INFO     | apex_order_manager |  APEX OPEN | LINKUSD 50.0000 @ 8.558 | ticket=170836751
2026-07-15 19:44:19 | INFO     | apex_bot | LINKUSD: APEX OPENED BUY | lots=50.0000 | ticket=170836751 | NO TP
2026-07-15 19:44:20 | INFO     | apex_volatility_sizer | APEX SIZER DOTUSD: Bal=76312 | Fcst=+3.4 | Vol=80% | Risk=5% | Lots=265.0000
2026-07-15 19:44:20 | INFO     | apex_bot | DOTUSD: APEX ENTRY | lots=265.0000 | candle ATR=0.008 | stop_mult=2.2x | fill_ref=0.862
2026-07-15 19:44:24 | INFO     | apex_bot | ATOMUSD: SIGNAL REVERSAL - closing short, opening long
2026-07-15 19:44:25 | INFO     | apex_order_manager | APEX CLOSE | ATOMUSD @ 1.5700 | P&L=-4.50
2026-07-15 19:44:26 | INFO     | apex_bot | ATOMUSD: position closed | reason=SIGNAL_REVERSAL
2026-07-15 19:44:26 | INFO     | apex_volatility_sizer | APEX SIZER ATOMUSD: Bal=76238 | Fcst=+4.4 | Vol=80% | Risk=6% | Lots=100.0000
2026-07-15 19:44:26 | INFO     | apex_bot | ATOMUSD: APEX ENTRY | lots=100.0000 | candle ATR=0.0132 | stop_mult=2.2x | fill_ref=1.5700
2026-07-15 19:44:26 | INFO     | apex_order_manager |  APEX OPEN | ATOMUSD 100.0000 @ 1.5700 | ticket=170836753
2026-07-15 19:44:26 | INFO     | apex_bot | ATOMUSD: APEX OPENED BUY | lots=100.0000 | ticket=170836753 | NO TP
2026-07-15 19:44:27 | INFO     | apex_volatility_sizer | APEX SIZER ADAUSD: Bal=76238 | Fcst=+4.2 | Vol=91% | Risk=5% | Lots=1000.0000
2026-07-15 19:44:27 | INFO     | apex_bot | ADAUSD: APEX ENTRY | lots=1000.0000 | candle ATR=0.0019 | stop_mult=2.2x | fill_ref=0.1662
2026-07-15 19:44:28 | INFO     | apex_order_manager |  APEX OPEN | ADAUSD 1000.0000 @ 0.1662 | ticket=170836754
2026-07-15 19:44:28 | INFO     | apex_bot | ADAUSD: APEX OPENED BUY | lots=1000.0000 | ticket=170836754 | NO TP
2026-07-15 19:44:28 | INFO     | apex_volatility_sizer | APEX SIZER XLMUSD: Bal=76238 | Fcst=+3.7 | Vol=106% | Risk=4% | Lots=900.0000
2026-07-15 19:44:28 | INFO     | apex_bot | XLMUSD: APEX ENTRY | lots=900.0000 | candle ATR=0.0026 | stop_mult=2.2x | fill_ref=0.1896
2026-07-15 19:44:29 | INFO     | apex_order_manager |  APEX OPEN | XLMUSD 900.0000 @ 0.1896 | ticket=170836755
2026-07-15 19:44:29 | INFO     | apex_bot | XLMUSD: APEX OPENED BUY | lots=900.0000 | ticket=170836755 | NO TP
2026-07-15 19:44:29 | INFO     | apex_volatility_sizer | APEX SIZER DOGEUSD: Bal=76238 | Fcst=+7.5 | Vol=80% | Risk=11% | Lots=1000.0000
2026-07-15 19:44:29 | WARNING  | apex_bot | DOGEUSD: Price drift 7.03% exceeds tolerance (last=0.0740, now=0.0792, tolerance=2.50%) – skipping entry
2026-07-15 19:44:29 | INFO     | apex_volatility_sizer | APEX SIZER XTZUSD: Bal=76238 | Fcst=-5.3 | Vol=80% | Risk=7% | Lots=1000.0000
2026-07-15 19:44:29 | WARNING  | apex_bot | XTZUSD: Price drift 9.56% exceeds tolerance (last=0.22548, now=0.20393, tolerance=2.50%) – skipping entry
2026-07-15 19:44:29 | INFO     | apex_bot | AAVEUSD: SIGNAL REVERSAL - closing short, opening long
2026-07-15 19:44:30 | INFO     | apex_order_manager | APEX CLOSE | AAVEUSD @ 96.85 | P&L=-1.53
2026-07-15 19:44:30 | INFO     | apex_bot | AAVEUSD: position closed | reason=SIGNAL_REVERSAL
2026-07-15 19:44:30 | INFO     | apex_volatility_sizer | APEX SIZER AAVEUSD: Bal=76213 | Fcst=+9.5 | Vol=99% | Risk=11% | Lots=5.0000
2026-07-15 19:44:30 | INFO     | apex_bot | AAVEUSD: APEX ENTRY | lots=5.0000 | candle ATR=1.23 | stop_mult=2.2x | fill_ref=96.85
2026-07-15 19:44:31 | INFO     | apex_order_manager |  APEX OPEN | AAVEUSD 5.0000 @ 96.85 | ticket=170836757
2026-07-15 19:44:31 | INFO     | apex_bot | AAVEUSD: APEX OPENED BUY | lots=5.0000 | ticket=170836757 | NO TP
2026-07-15 19:44:31 | INFO     | apex_volatility_sizer | APEX SIZER HBARUSD: Bal=76213 | Fcst=-4.2 | Vol=80% | Risk=6% | Lots=4.0000
2026-07-15 19:44:31 | INFO     | apex_bot | HBARUSD: APEX ENTRY | lots=4.0000 | candle ATR=0.0005 | stop_mult=2.2x | fill_ref=0.0671
2026-07-15 19:44:34 | INFO     | apex_bot | NEARUSD: SIGNAL REVERSAL - closing short, opening long
2026-07-15 19:44:35 | INFO     | apex_order_manager | APEX CLOSE | NEARUSD @ 2.076 | P&L=-0.06
2026-07-15 19:44:35 | INFO     | apex_bot | NEARUSD: position closed | reason=SIGNAL_REVERSAL
2026-07-15 19:44:35 | INFO     | apex_volatility_sizer | APEX SIZER NEARUSD: Bal=76123 | Fcst=+34.0 | Vol=98% | Risk=39% | Lots=8.8000
2026-07-15 19:44:35 | INFO     | apex_bot | NEARUSD: APEX ENTRY | lots=8.8000 | candle ATR=0.026 | stop_mult=2.2x | fill_ref=2.076
2026-07-15 19:44:35 | INFO     | apex_order_manager |  APEX OPEN | NEARUSD 8.8000 @ 2.076 | ticket=170836759
2026-07-15 19:44:35 | INFO     | apex_bot | NEARUSD: APEX OPENED BUY | lots=8.8000 | ticket=170836759 | NO TP
2026-07-15 19:44:35 | INFO     | apex_bot | SUIUSD: SIGNAL REVERSAL - closing short, opening long
2026-07-15 19:44:36 | INFO     | apex_order_manager | APEX CLOSE | SUIUSD @ 0.7536 | P&L=-0.02
2026-07-15 19:44:36 | INFO     | apex_bot | SUIUSD: position closed | reason=SIGNAL_REVERSAL
2026-07-15 19:44:36 | INFO     | apex_volatility_sizer | APEX SIZER SUIUSD: Bal=76085 | Fcst=+16.6 | Vol=80% | Risk=23% | Lots=14.5000
2026-07-15 19:44:36 | INFO     | apex_bot | SUIUSD: APEX ENTRY | lots=14.5000 | candle ATR=0.0072 | stop_mult=2.2x | fill_ref=0.7537
2026-07-15 19:44:36 | INFO     | apex_order_manager |  APEX OPEN | SUIUSD 14.5000 @ 0.7537 | ticket=170836761
2026-07-15 19:44:36 | INFO     | apex_bot | SUIUSD: APEX OPENED BUY | lots=14.5000 | ticket=170836761 | NO TP
2026-07-15 19:45:27 | INFO     | apex_bot | Shutting down APEX TradingBot…
2026-07-15 19:45:27 | INFO     | apex_order_manager | MT5 closed
2026-07-15 19:45:27 | INFO     | apex_bot | Shutting down APEX TradingBot…
2026-07-15 19:45:27 | INFO     | apex_order_manager | MT5 closed
2026-07-15 19:49:15 | INFO     | apex_order_manager | APEX MT5 | Account: 179322 | Balance: 75395.51 ZAR | Leverage: 1:500
2026-07-15 19:49:15 | INFO     | apex_breakout_strategy | APEX BREAKOUT STRATEGY | Speeds: ['breakout_160', 'breakout_320', 'breakout_640', 'breakout_1280']
2026-07-15 19:49:15 | INFO     | apex_ewmac_strategy | APEX EWMAC+BREAKOUT (H1) | tf=H1 | daily_mult=4.90x | stop_mult=2.2x | ATR=14 | EWMAC weight=0.60 | Breakout weight=0.40
2026-07-15 19:49:15 | INFO     | apex_ewmac_strategy |   EWMAC speeds: ['8/32', '16/64', '32/128', '64/256']
2026-07-15 19:49:15 | INFO     | apex_ewmac_strategy |   Breakout periods: [160, 320, 640, 1280]
2026-07-15 19:49:15 | INFO     | apex_breakout_strategy | APEX BREAKOUT STRATEGY | Speeds: ['breakout_160', 'breakout_320', 'breakout_640', 'breakout_1280']
2026-07-15 19:49:15 | INFO     | apex_ewmac_strategy | APEX EWMAC+BREAKOUT (H1) | tf=H1 | daily_mult=4.90x | stop_mult=2.2x | ATR=14 | EWMAC weight=0.60 | Breakout weight=0.40
2026-07-15 19:49:15 | INFO     | apex_ewmac_strategy |   EWMAC speeds: ['8/32', '16/64', '32/128', '64/256']
2026-07-15 19:49:15 | INFO     | apex_ewmac_strategy |   Breakout periods: [160, 320, 640, 1280]
2026-07-15 19:49:15 | INFO     | apex_volatility_sizer | APEX SIZER (ULTRA - H1) | N=2 | IDM=5.00
2026-07-15 19:49:15 | INFO     | apex_bot | APEX SYSTEM ACTIVE | IDM=5.00 | N=2
2026-07-15 19:49:15 | INFO     | apex_bot | Timeframe: H1 (1 Hour) aggressive trend following
2026-07-15 19:49:15 | INFO     | apex_bot | Strategy: EWMAC + Breakout (60% / 40%)
2026-07-15 19:49:15 | INFO     | apex_bot | Exit: Trailing stop (2.2x ATR) + Stop and Reverse
2026-07-15 19:49:15 | INFO     | apex_bot | Smart re-entry: ENABLED (30 min cooldown)
2026-07-15 19:49:15 | INFO     | apex_bot |  APEX main loop started (AGGRESSIVE H1 MODE)
2026-07-15 19:49:15 | INFO     | apex_volatility_sizer | APEX SIZER BTCUSD: Bal=75396 | Fcst=+28.6 | Vol=80% | Risk=95% | Lots=0.0600
2026-07-15 19:49:15 | INFO     | apex_bot | BTCUSD: APEX ENTRY | lots=0.0600 | candle ATR=420.06 | stop_mult=2.2x | fill_ref=64956.56
2026-07-15 19:49:16 | INFO     | apex_order_manager |  APEX OPEN | BTCUSD 0.0600 @ 64956.56 | ticket=170837057
2026-07-15 19:49:16 | INFO     | apex_bot | BTCUSD: APEX OPENED BUY | lots=0.0600 | ticket=170837057 | NO TP
2026-07-15 19:49:16 | INFO     | apex_volatility_sizer | APEX SIZER ETHUSD: Bal=75396 | Fcst=+36.7 | Vol=80% | Risk=95% | Lots=2.2000
2026-07-15 19:49:16 | INFO     | apex_bot | ETHUSD: APEX ENTRY | lots=2.2000 | candle ATR=18.32 | stop_mult=2.2x | fill_ref=1923.90
2026-07-15 19:49:16 | INFO     | apex_order_manager |  APEX OPEN | ETHUSD 2.2000 @ 1923.90 | ticket=170837058
2026-07-15 19:49:16 | INFO     | apex_bot | ETHUSD: APEX OPENED BUY | lots=2.2000 | ticket=170837058 | NO TP
2026-07-15 19:49:45 | INFO     | trailing_stop | TRAIL UPDATE BTCUSD [H1]: LONG stop 64032.44 → 64037.87 (mult=2.2x)
2026-07-15 19:49:45 | INFO     | apex_bot | BTCUSD: APEX TRAIL UPDATE | stop=64037.87
2026-07-15 19:49:46 | INFO     | apex_order_manager | APEX STOP | BTCUSD | 64037.87
2026-07-15 19:50:15 | INFO     | trailing_stop | TRAIL UPDATE BTCUSD [H1]: LONG stop 64037.87 → 64056.69 (mult=2.2x)
2026-07-15 19:50:15 | INFO     | apex_bot | BTCUSD: APEX TRAIL UPDATE | stop=64056.69
2026-07-15 19:50:16 | INFO     | apex_order_manager | APEX STOP | BTCUSD | 64056.69
2026-07-15 19:50:45 | INFO     | trailing_stop | TRAIL UPDATE BTCUSD [H1]: LONG stop 64056.69 → 64067.47 (mult=2.2x)
2026-07-15 19:50:45 | INFO     | apex_bot | BTCUSD: APEX TRAIL UPDATE | stop=64067.47
2026-07-15 19:50:46 | INFO     | apex_order_manager | APEX STOP | BTCUSD | 64067.47
2026-07-15 19:50:46 | INFO     | trailing_stop | TRAIL UPDATE ETHUSD [H1]: LONG stop 1883.61 → 1883.75 (mult=2.2x)
2026-07-15 19:50:46 | INFO     | apex_bot | ETHUSD: APEX TRAIL UPDATE | stop=1883.75
2026-07-15 19:50:46 | INFO     | apex_order_manager | APEX STOP | ETHUSD | 1883.75
2026-07-15 19:52:15 | INFO     | trailing_stop | TRAIL UPDATE ETHUSD [H1]: LONG stop 1883.75 → 1883.83 (mult=2.2x)
2026-07-15 19:52:15 | INFO     | apex_bot | ETHUSD: APEX TRAIL UPDATE | stop=1883.83
2026-07-15 19:52:16 | INFO     | apex_order_manager | APEX STOP | ETHUSD | 1883.83
2026-07-15 19:52:45 | INFO     | trailing_stop | TRAIL UPDATE BTCUSD [H1]: LONG stop 64067.47 → 64114.01 (mult=2.2x)
2026-07-15 19:52:45 | INFO     | apex_bot | BTCUSD: APEX TRAIL UPDATE | stop=64114.01
2026-07-15 19:52:46 | INFO     | apex_order_manager | APEX STOP | BTCUSD | 64114.01
2026-07-15 19:52:46 | INFO     | trailing_stop | TRAIL UPDATE ETHUSD [H1]: LONG stop 1883.83 → 1885.83 (mult=2.2x)
2026-07-15 19:52:46 | INFO     | apex_bot | ETHUSD: APEX TRAIL UPDATE | stop=1885.83
2026-07-15 19:52:46 | INFO     | apex_order_manager | APEX STOP | ETHUSD | 1885.83
2026-07-15 19:58:15 | INFO     | trailing_stop | TRAIL UPDATE ETHUSD [H1]: LONG stop 1885.83 → 1885.99 (mult=2.2x)
2026-07-15 19:58:15 | INFO     | apex_bot | ETHUSD: APEX TRAIL UPDATE | stop=1885.99
2026-07-15 19:58:16 | INFO     | apex_order_manager | APEX STOP | ETHUSD | 1885.99
2026-07-15 20:00:15 | INFO     | trailing_stop | TRAIL UPDATE ETHUSD [H1]: LONG stop 1885.99 → 1886.13 (mult=2.2x)
2026-07-15 20:00:15 | INFO     | apex_bot | ETHUSD: APEX TRAIL UPDATE | stop=1886.13
2026-07-15 20:00:16 | INFO     | apex_order_manager | APEX STOP | ETHUSD | 1886.13
2026-07-15 20:00:45 | INFO     | trailing_stop | TRAIL UPDATE ETHUSD [H1]: LONG stop 1886.13 → 1887.06 (mult=2.2x)
2026-07-15 20:00:45 | INFO     | apex_bot | ETHUSD: APEX TRAIL UPDATE | stop=1887.06
2026-07-15 20:00:46 | INFO     | apex_order_manager | APEX STOP | ETHUSD | 1887.06
2026-07-15 20:02:15 | INFO     | trailing_stop | TRAIL UPDATE ETHUSD [H1]: LONG stop 1887.06 → 1887.29 (mult=2.2x)
2026-07-15 20:02:15 | INFO     | apex_bot | ETHUSD: APEX TRAIL UPDATE | stop=1887.29
2026-07-15 20:02:16 | INFO     | apex_order_manager | APEX STOP | ETHUSD | 1887.29
2026-07-15 20:02:45 | INFO     | trailing_stop | TRAIL UPDATE ETHUSD [H1]: LONG stop 1887.29 → 1887.51 (mult=2.2x)
2026-07-15 20:02:45 | INFO     | apex_bot | ETHUSD: APEX TRAIL UPDATE | stop=1887.51
2026-07-15 20:02:46 | INFO     | apex_order_manager | APEX STOP | ETHUSD | 1887.51
2026-07-15 20:03:01 | INFO     | apex_order_manager | APEX MT5 | Account: 179322 | Balance: 75395.51 ZAR | Leverage: 1:500
2026-07-15 20:03:01 | INFO     | apex_breakout_strategy | APEX BREAKOUT STRATEGY | Speeds: ['breakout_160', 'breakout_320', 'breakout_640', 'breakout_1280']
2026-07-15 20:03:01 | INFO     | apex_ewmac_strategy | APEX EWMAC+BREAKOUT (H1) | tf=H1 | daily_mult=4.90x | stop_mult=2.2x | ATR=14 | EWMAC weight=0.60 | Breakout weight=0.40
2026-07-15 20:03:01 | INFO     | apex_ewmac_strategy |   EWMAC speeds: ['8/32', '16/64', '32/128', '64/256']
2026-07-15 20:03:01 | INFO     | apex_ewmac_strategy |   Breakout periods: [160, 320, 640, 1280]
2026-07-15 20:03:01 | INFO     | apex_breakout_strategy | APEX BREAKOUT STRATEGY | Speeds: ['breakout_160', 'breakout_320', 'breakout_640', 'breakout_1280']
2026-07-15 20:03:01 | INFO     | apex_ewmac_strategy | APEX EWMAC+BREAKOUT (H1) | tf=H1 | daily_mult=4.90x | stop_mult=2.2x | ATR=14 | EWMAC weight=0.60 | Breakout weight=0.40
2026-07-15 20:03:01 | INFO     | apex_ewmac_strategy |   EWMAC speeds: ['8/32', '16/64', '32/128', '64/256']
2026-07-15 20:03:01 | INFO     | apex_ewmac_strategy |   Breakout periods: [160, 320, 640, 1280]
2026-07-15 20:03:01 | INFO     | apex_volatility_sizer | APEX SIZER (ULTRA - H1) | N=2 | IDM=5.00
2026-07-15 20:03:01 | INFO     | apex_bot | APEX SYSTEM ACTIVE | IDM=5.00 | N=2
2026-07-15 20:03:01 | INFO     | apex_bot | Timeframe: H1 (1 Hour) aggressive trend following
2026-07-15 20:03:01 | INFO     | apex_bot | Strategy: EWMAC + Breakout (60% / 40%)
2026-07-15 20:03:01 | INFO     | apex_bot | Exit: Trailing stop (2.2x ATR) + Stop and Reverse
2026-07-15 20:03:01 | INFO     | apex_bot | Smart re-entry: ENABLED (30 min cooldown)
2026-07-15 20:03:01 | INFO     | apex_bot |  APEX main loop started (AGGRESSIVE H1 MODE)
2026-07-15 20:09:36 | INFO     | apex_order_manager | APEX MT5 | Account: 179322 | Balance: 75395.51 ZAR | Leverage: 1:500
2026-07-15 20:09:36 | INFO     | apex_breakout_strategy | APEX BREAKOUT STRATEGY | Speeds: ['breakout_160', 'breakout_320', 'breakout_640', 'breakout_1280']
2026-07-15 20:09:36 | INFO     | apex_ewmac_strategy | APEX EWMAC+BREAKOUT (H1) | tf=H1 | daily_mult=4.90x | stop_mult=2.2x | ATR=14 | EWMAC weight=0.60 | Breakout weight=0.40
2026-07-15 20:09:36 | INFO     | apex_ewmac_strategy |   EWMAC speeds: ['8/32', '16/64', '32/128', '64/256']
2026-07-15 20:09:36 | INFO     | apex_ewmac_strategy |   Breakout periods: [160, 320, 640, 1280]
2026-07-15 20:09:36 | INFO     | apex_breakout_strategy | APEX BREAKOUT STRATEGY | Speeds: ['breakout_160', 'breakout_320', 'breakout_640', 'breakout_1280']
2026-07-15 20:09:36 | INFO     | apex_ewmac_strategy | APEX EWMAC+BREAKOUT (H1) | tf=H1 | daily_mult=4.90x | stop_mult=2.2x | ATR=14 | EWMAC weight=0.60 | Breakout weight=0.40
2026-07-15 20:09:36 | INFO     | apex_ewmac_strategy |   EWMAC speeds: ['8/32', '16/64', '32/128', '64/256']
2026-07-15 20:09:36 | INFO     | apex_ewmac_strategy |   Breakout periods: [160, 320, 640, 1280]
2026-07-15 20:09:36 | INFO     | apex_volatility_sizer | APEX SIZER (ULTRA - H1) | N=2 | IDM=5.00
2026-07-15 20:09:36 | INFO     | apex_bot | APEX SYSTEM ACTIVE | IDM=5.00 | N=2
2026-07-15 20:09:36 | INFO     | apex_bot | Timeframe: H1 (1 Hour) aggressive trend following
2026-07-15 20:09:36 | INFO     | apex_bot | Strategy: EWMAC + Breakout (60% / 40%)
2026-07-15 20:09:36 | INFO     | apex_bot | Exit: Trailing stop (2.2x ATR) + Stop and Reverse
2026-07-15 20:09:36 | INFO     | apex_bot | Smart re-entry: ENABLED (30 min cooldown)
2026-07-15 20:09:36 | INFO     | apex_bot |  APEX main loop started (AGGRESSIVE H1 MODE)
2026-07-15 20:14:49 | INFO     | apex_order_manager | APEX MT5 | Account: 179322 | Balance: 75395.51 ZAR | Leverage: 1:500
2026-07-15 20:14:49 | INFO     | apex_breakout_strategy | APEX BREAKOUT STRATEGY | Speeds: ['breakout_160', 'breakout_320', 'breakout_640', 'breakout_1280']
2026-07-15 20:14:49 | INFO     | apex_ewmac_strategy | APEX EWMAC+BREAKOUT (H1) | tf=H1 | daily_mult=4.90x | stop_mult=2.2x | ATR=14 | EWMAC weight=0.60 | Breakout weight=0.40
2026-07-15 20:14:49 | INFO     | apex_ewmac_strategy |   EWMAC speeds: ['8/32', '16/64', '32/128', '64/256']
2026-07-15 20:14:49 | INFO     | apex_ewmac_strategy |   Breakout periods: [160, 320, 640, 1280]
2026-07-15 20:14:49 | INFO     | apex_breakout_strategy | APEX BREAKOUT STRATEGY | Speeds: ['breakout_160', 'breakout_320', 'breakout_640', 'breakout_1280']
2026-07-15 20:14:49 | INFO     | apex_ewmac_strategy | APEX EWMAC+BREAKOUT (H1) | tf=H1 | daily_mult=4.90x | stop_mult=2.2x | ATR=14 | EWMAC weight=0.60 | Breakout weight=0.40
2026-07-15 20:14:49 | INFO     | apex_ewmac_strategy |   EWMAC speeds: ['8/32', '16/64', '32/128', '64/256']
2026-07-15 20:14:49 | INFO     | apex_ewmac_strategy |   Breakout periods: [160, 320, 640, 1280]
2026-07-15 20:14:49 | INFO     | apex_volatility_sizer | APEX SIZER (ULTRA - H1) | N=2 | IDM=5.00
2026-07-15 20:14:49 | INFO     | apex_bot | APEX SYSTEM ACTIVE | IDM=5.00 | N=2
2026-07-15 20:14:49 | INFO     | apex_bot | Timeframe: H1 (1 Hour) aggressive trend following
2026-07-15 20:14:49 | INFO     | apex_bot | Strategy: EWMAC + Breakout (60% / 40%)
2026-07-15 20:14:49 | INFO     | apex_bot | Exit: Trailing stop (2.2x ATR) + Stop and Reverse
2026-07-15 20:14:49 | INFO     | apex_bot | Smart re-entry: ENABLED (30 min cooldown)
2026-07-15 20:14:49 | INFO     | apex_bot |  APEX main loop started (AGGRESSIVE H1 MODE)
