2026-06-10 19:09:22 | INFO     | apex_order_manager | APEX MT5 | Account: 179322 | Balance: 95376.62 ZAR | Leverage: 1:500
2026-06-10 19:09:22 | INFO     | apex_ewmac_strategy | APEX EWMAC (ULTRA) | tf=M5 | daily_mult=16.97x | stop_mult=1.2x | ATR=8
2026-06-10 19:09:22 | INFO     | apex_ewmac_strategy | APEX EWMAC (ULTRA) | tf=M5 | daily_mult=16.97x | stop_mult=1.2x | ATR=8
2026-06-10 19:09:22 | INFO     | apex_volatility_sizer | APEX SIZER (ULTRA) | N=2 | IDM=3.50
2026-06-10 19:09:22 | INFO     | apex_bot | APEX SYSTEM ACTIVE | IDM=3.50 | N=2
2026-06-10 19:09:22 | INFO     | apex_bot | Trading: BTCUSD, ETHUSD only
2026-06-10 19:09:22 | INFO     | apex_bot | Timeframe: M5 (5 minute) ultra aggressive
2026-06-10 19:09:22 | INFO     | apex_bot | Exit: Trailing stop (1.5× ATR) + Stop and Reverse
2026-06-10 19:09:22 | INFO     | apex_bot | Smart re-entry: ENABLED (15 min cooldown)
2026-06-10 19:09:22 | INFO     | apex_bot |  APEX main loop started (ULTRA AGGRESSIVE MODE)
2026-06-10 19:09:22 | INFO     | trailing_stop | TRAIL UPDATE BTCUSD [M5]: SHORT stop 62329.84 → 62296.67 (mult=1.2x)
2026-06-10 19:09:22 | INFO     | apex_bot | BTCUSD: APEX TRAIL UPDATE | stop=62296.67
2026-06-10 19:09:23 | INFO     | apex_order_manager | ✓ APEX STOP | BTCUSD | 62296.67
2026-06-10 19:09:23 | INFO     | apex_bot | BTCUSD: SIGNAL REVERSAL - closing short, opening long
2026-06-10 19:09:23 | INFO     | apex_order_manager | 📉 APEX CLOSE | BTCUSD @ 62130.17 | P&L=-4.37
2026-06-10 19:09:23 | INFO     | apex_bot | BTCUSD: position closed | reason=SIGNAL_REVERSAL
2026-06-10 19:09:23 | INFO     | apex_volatility_sizer | APEX SIZER BTCUSD: Bal=95313 | Fcst=+7.7 | Vol=83% | Risk=85% | Lots=0.0700
2026-06-10 19:09:23 | INFO     | apex_bot | BTCUSD: APEX ENTRY | lots=0.0700 | candle ATR=190.79 | stop_mult=1.2x | price=62130.92
2026-06-10 19:09:23 | INFO     | apex_order_manager | 🚀 APEX OPEN | BTCUSD 0.0700 @ 62122.42 | ticket=169116034
2026-06-10 19:09:23 | INFO     | apex_bot | BTCUSD: APEX OPENED BUY | lots=0.0700 | ticket=169116034 | NO TP
2026-06-10 19:09:24 | INFO     | trailing_stop | TRAIL UPDATE ETHUSD [M5]: SHORT stop 1647.12 → 1645.71 (mult=1.2x)
2026-06-10 19:09:24 | INFO     | apex_bot | ETHUSD: APEX TRAIL UPDATE | stop=1645.71
2026-06-10 19:09:24 | INFO     | apex_order_manager | ✓ APEX STOP | ETHUSD | 1645.71
